<?xml version="1.0" encoding="UTF-8"?>
<!-- Generated by org.testng.reporters.JUnitXMLReporter -->
<testsuite ignored="0" hostname="Dell-PC" failures="0" tests="4" name="Test" time="89.148" errors="0" timestamp="2022-02-01T15:56:38 IST">
  <testcase classname="TestClass.aspireTests" name="applicationLoginTest" time="52.441"/>
  <testcase classname="TestClass.aspireTests" name="createNewProductAndUpdateQuantity" time="20.115"/>
  <testcase classname="TestClass.aspireTests" name="creationOfNewManufactureOrderforProduct" time="10.574"/>
  <testcase classname="TestClass.aspireTests" name="verificationOfManufactureOrder" time="5.924"/>
</testsuite> <!-- Test -->
