<?xml version="1.0" encoding="UTF-8"?>
<testng-results ignored="0" total="4" passed="4" failed="0" skipped="0">
  <reporter-output>
  </reporter-output>
  <suite started-at="2022-02-01T15:55:08 IST" name="Suite" finished-at="2022-02-01T15:56:37 IST" duration-ms="89148">
    <groups>
    </groups>
    <test started-at="2022-02-01T15:55:08 IST" name="Test" finished-at="2022-02-01T15:56:37 IST" duration-ms="89148">
      <class name="TestClass.aspireTests">
        <test-method signature="applicationLoginTest()[pri:0, instance:TestClass.aspireTests@27ce24aa]" started-at="2022-02-01T15:55:08 IST" name="applicationLoginTest" finished-at="2022-02-01T15:56:01 IST" duration-ms="52441" status="PASS">
          <reporter-output>
          </reporter-output>
        </test-method> <!-- applicationLoginTest -->
        <test-method signature="createNewProductAndUpdateQuantity()[pri:0, instance:TestClass.aspireTests@27ce24aa]" started-at="2022-02-01T15:56:01 IST" name="createNewProductAndUpdateQuantity" finished-at="2022-02-01T15:56:21 IST" duration-ms="20115" status="PASS">
          <reporter-output>
          </reporter-output>
        </test-method> <!-- createNewProductAndUpdateQuantity -->
        <test-method signature="creationOfNewManufactureOrderforProduct()[pri:0, instance:TestClass.aspireTests@27ce24aa]" started-at="2022-02-01T15:56:21 IST" name="creationOfNewManufactureOrderforProduct" finished-at="2022-02-01T15:56:31 IST" duration-ms="10574" status="PASS">
          <reporter-output>
          </reporter-output>
        </test-method> <!-- creationOfNewManufactureOrderforProduct -->
        <test-method signature="verificationOfManufactureOrder()[pri:0, instance:TestClass.aspireTests@27ce24aa]" started-at="2022-02-01T15:56:31 IST" name="verificationOfManufactureOrder" finished-at="2022-02-01T15:56:37 IST" duration-ms="5924" status="PASS">
          <reporter-output>
          </reporter-output>
        </test-method> <!-- verificationOfManufactureOrder -->
      </class> <!-- TestClass.aspireTests -->
    </test> <!-- Test -->
  </suite> <!-- Suite -->
</testng-results>
